{
  "RSpec": {
    "coverage": {
      "/Users/ephieoyedoh/Documents/CODING/ttt_game/lib/game.rb": {
        "lines": [
          1,
          1,
          1,
          1,
          null,
          1,
          1,
          null,
          1,
          0,
          null,
          null,
          1,
          0,
          null,
          null,
          1,
          null,
          null,
          1,
          0,
          0,
          0,
          null,
          0,
          0,
          null,
          0,
          0,
          null,
          0,
          0,
          null,
          0,
          null,
          null,
          0,
          null,
          null
        ]
      },
      "/Users/ephieoyedoh/Documents/CODING/ttt_game/lib/board.rb": {
        "lines": [
          1,
          1,
          null,
          null,
          1,
          0,
          null,
          null,
          1,
          0,
          null,
          null,
          null,
          null,
          1,
          0,
          null,
          null,
          1,
          0,
          null,
          null,
          1,
          0,
          null,
          null,
          1,
          0,
          0,
          null,
          null,
          0,
          null,
          null,
          1,
          0,
          0,
          0,
          null,
          0,
          null,
          null,
          0,
          null,
          null,
          null
        ]
      },
      "/Users/ephieoyedoh/Documents/CODING/ttt_game/lib/input_output.rb": {
        "lines": [
          1,
          1,
          0,
          0,
          null,
          null,
          1,
          0,
          null,
          null
        ]
      },
      "/Users/ephieoyedoh/Documents/CODING/ttt_game/lib/game_strings.rb": {
        "lines": [
          1,
          1,
          0,
          null,
          null,
          1,
          0,
          null,
          null,
          1,
          0,
          null,
          null
        ]
      },
      "/Users/ephieoyedoh/Documents/CODING/ttt_game/lib/game_rules.rb": {
        "lines": [
          1,
          1,
          1,
          null,
          null,
          1,
          null,
          1,
          null,
          1,
          2,
          2,
          null,
          null,
          1,
          2,
          1,
          null,
          1,
          null,
          null,
          null,
          1,
          0,
          0,
          null,
          null
        ]
      }
    },
    "timestamp": 1633341719
  }
}
